<?xml version="1.0" encoding="UTF-8"?>
<testng-results skipped="0" failed="0" total="3" passed="3">
  <reporter-output>
  </reporter-output>
  <suite name="Default suite" duration-ms="2696" started-at="2018-06-28T12:14:49Z" finished-at="2018-06-28T12:14:51Z">
    <groups>
    </groups>
    <test name="Default test" duration-ms="2696" started-at="2018-06-28T12:14:49Z" finished-at="2018-06-28T12:14:51Z">
      <class name="com.qa.akash.Bing_JavaScript.AppTest">
        <test-method status="PASS" signature="Test1_translate_test()[pri:0, instance:com.qa.akash.Bing_JavaScript.AppTest@712625fd]" name="Test1_translate_test" duration-ms="2617" started-at="2018-06-28T17:44:49Z" finished-at="2018-06-28T17:44:51Z">
          <reporter-output>
          </reporter-output>
        </test-method> <!-- Test1_translate_test -->
        <test-method status="PASS" signature="Test2_cookie_test()[pri:0, instance:com.qa.akash.Bing_JavaScript.AppTest@712625fd]" name="Test2_cookie_test" duration-ms="4" started-at="2018-06-28T17:44:51Z" finished-at="2018-06-28T17:44:51Z">
          <reporter-output>
          </reporter-output>
        </test-method> <!-- Test2_cookie_test -->
        <test-method status="PASS" signature="Test2_switchtab_test()[pri:0, instance:com.qa.akash.Bing_JavaScript.AppTest@712625fd]" name="Test2_switchtab_test" duration-ms="48" started-at="2018-06-28T17:44:51Z" finished-at="2018-06-28T17:44:51Z">
          <reporter-output>
          </reporter-output>
        </test-method> <!-- Test2_switchtab_test -->
      </class> <!-- com.qa.akash.Bing_JavaScript.AppTest -->
    </test> <!-- Default test -->
  </suite> <!-- Default suite -->
</testng-results>
