<?xml version="1.0" encoding="UTF-8"?>
<testng-results skipped="0" failed="0" total="1" passed="1">
  <reporter-output>
  </reporter-output>
  <suite name="Default suite" duration-ms="64" started-at="2018-06-27T12:25:50Z" finished-at="2018-06-27T12:25:50Z">
    <groups>
    </groups>
    <test name="Default test" duration-ms="64" started-at="2018-06-27T12:25:50Z" finished-at="2018-06-27T12:25:50Z">
      <class name="com.qa.akash.Bing_JavaScript.AppTest">
        <test-method status="PASS" signature="click_test()[pri:0, instance:com.qa.akash.Bing_JavaScript.AppTest@712625fd]" name="click_test" duration-ms="39" started-at="2018-06-27T17:55:50Z" finished-at="2018-06-27T17:55:50Z">
          <reporter-output>
          </reporter-output>
        </test-method> <!-- click_test -->
      </class> <!-- com.qa.akash.Bing_JavaScript.AppTest -->
    </test> <!-- Default test -->
  </suite> <!-- Default suite -->
</testng-results>
